0 info it worked if it ends with ok
1 verbose cli [ '/usr/local/Cellar/node/7.5.0/bin/node',
1 verbose cli   '/Users/matze/.node_modules_global/bin/npm',
1 verbose cli   'start' ]
2 info using npm@4.0.5
3 info using node@v7.5.0
4 verbose run-script [ 'prestart', 'start', 'poststart' ]
5 info lifecycle help-desk@2.0.0~prestart: help-desk@2.0.0
6 silly lifecycle help-desk@2.0.0~prestart: no script for prestart, continuing
7 info lifecycle help-desk@2.0.0~start: help-desk@2.0.0
8 verbose lifecycle help-desk@2.0.0~start: unsafe-perm in lifecycle true
9 verbose lifecycle help-desk@2.0.0~start: PATH: /Users/matze/.node_modules_global/lib/node_modules/npm/bin/node-gyp-bin:/Users/matze/codesmith/help-desk/node_modules/.bin:/Users/matze/.node_modules_global/bin:/Users/matze/anaconda/bin:/Users/matze/anaconda/bin:/Library/Frameworks/Python.framework/Versions/3.4/bin:/usr/local/lib:/usr/local/bin:/usr/local/bin:/usr/bin:/bin:/usr/sbin:/sbin:/opt/X11/bin:/Library/Frameworks/Mono.framework/Versions/Current/Commands:/usr/texbin:/Users/matze/bin
10 verbose lifecycle help-desk@2.0.0~start: CWD: /Users/matze/codesmith/help-desk
11 silly lifecycle help-desk@2.0.0~start: Args: [ '-c', 'NODE_ENV= dev nodemon server/server.js' ]
12 info lifecycle help-desk@2.0.0~start: Failed to exec start script
13 verbose stack Error: help-desk@2.0.0 start: `NODE_ENV= dev nodemon server/server.js`
13 verbose stack spawn ENOENT
13 verbose stack     at ChildProcess.<anonymous> (/Users/matze/.node_modules_global/lib/node_modules/npm/lib/utils/spawn.js:33:16)
13 verbose stack     at emitTwo (events.js:106:13)
13 verbose stack     at ChildProcess.emit (events.js:192:7)
13 verbose stack     at maybeClose (internal/child_process.js:890:16)
13 verbose stack     at Process.ChildProcess._handle.onexit (internal/child_process.js:226:5)
14 verbose pkgid help-desk@2.0.0
15 verbose cwd /Users/matze/codesmith/help-desk
16 error Darwin 14.5.0
17 error argv "/usr/local/Cellar/node/7.5.0/bin/node" "/Users/matze/.node_modules_global/bin/npm" "start"
18 error node v7.5.0
19 error npm  v4.0.5
20 error file sh
21 error code ELIFECYCLE
22 error errno ENOENT
23 error syscall spawn
24 error help-desk@2.0.0 start: `NODE_ENV= dev nodemon server/server.js`
24 error spawn ENOENT
25 error Failed at the help-desk@2.0.0 start script 'NODE_ENV= dev nodemon server/server.js'.
25 error Make sure you have the latest version of node.js and npm installed.
25 error If you do, this is most likely a problem with the help-desk package,
25 error not with npm itself.
25 error Tell the author that this fails on your system:
25 error     NODE_ENV= dev nodemon server/server.js
25 error You can get information on how to open an issue for this project with:
25 error     npm bugs help-desk
25 error Or if that isn't available, you can get their info via:
25 error     npm owner ls help-desk
25 error There is likely additional logging output above.
26 verbose exit [ 1, true ]
